In file included from ../src/ursaNative.cc:3:
In file included from ../src/ursaNative.h:10:
In file included from ../../nan/nan.h:2884:
../../nan/nan_typedarray_contents.h:34:43: warning: 'GetContents' is deprecated: Use GetBackingStore. See http://crbug.com/v8/9908. [-Wdeprecated-declarations]
      data   = static_cast<char*>(buffer->GetContents().Data()) + byte_offset;
                                          ^
/Users/xufei/Library/Caches/node-gyp/14.4.0/include/node/v8.h:5202:3: note: 'GetContents' has been explicitly marked deprecated here
  V8_DEPRECATE_SOON("Use GetBackingStore. See http://crbug.com/v8/9908.")
  ^
/Users/xufei/Library/Caches/node-gyp/14.4.0/include/node/v8config.h:402:39: note: expanded from macro 'V8_DEPRECATE_SOON'
# define V8_DEPRECATE_SOON(message) [[deprecated(message)]]
                                      ^
../src/ursaNative.cc:543:32: error: too few arguments to function call, single argument 'isolate' was not specified
  int length = str->Utf8Length();
               ~~~~~~~~~~~~~~~ ^
/Users/xufei/Library/Caches/node-gyp/14.4.0/include/node/v8.h:2974:7: note: 'Utf8Length' declared here
  int Utf8Length(Isolate* isolate) const;
      ^
../src/ursaNative.cc:553:18: error: cannot initialize a parameter of type 'v8::Isolate *' with an lvalue of type 'char *'
  str->WriteUtf8(result, length + 1);
                 ^~~~~~
/Users/xufei/Library/Caches/node-gyp/14.4.0/include/node/v8.h:3034:26: note: passing argument to parameter 'isolate' here
  int WriteUtf8(Isolate* isolate, char* buffer, int length = -1,
                         ^
../src/ursaNative.cc:690:68: error: too few arguments to function call, single argument 'context' was not specified
  target->Set(NanNew("RsaWrap").ToLocalChecked(), tpl->GetFunction());
                                                  ~~~~~~~~~~~~~~~~ ^
/Users/xufei/Library/Caches/node-gyp/14.4.0/include/node/v8.h:6404:46: note: 'GetFunction' declared here
  V8_WARN_UNUSED_RESULT MaybeLocal<Function> GetFunction(
                                             ^
../src/ursaNative.cc:691:38: error: too few arguments to function call, single argument 'context' was not specified
  constructor.Reset(tpl->GetFunction());
                    ~~~~~~~~~~~~~~~~ ^
/Users/xufei/Library/Caches/node-gyp/14.4.0/include/node/v8.h:6404:46: note: 'GetFunction' declared here
  V8_WARN_UNUSED_RESULT MaybeLocal<Function> GetFunction(
                                             ^
../src/ursaNative.cc:693:104: error: too few arguments to function call, single argument 'context' was not specified
  target->Set(NanNew("textToNid").ToLocalChecked(), Nan::New<FunctionTemplate>(TextToNid)->GetFunction());
                                                    ~~~~~~~~~~~~~~~~~~~~~~~~~~~~~~~~~~~~~~~~~~~~~~~~~~ ^
/Users/xufei/Library/Caches/node-gyp/14.4.0/include/node/v8.h:6404:46: note: 'GetFunction' declared here
  V8_WARN_UNUSED_RESULT MaybeLocal<Function> GetFunction(
                                             ^
../src/ursaNative.cc:866:42: error: too few arguments to function call, single argument 'context' was not specified
  int modulusBits = args[0]->Uint32Value();
                    ~~~~~~~~~~~~~~~~~~~~ ^
/Users/xufei/Library/Caches/node-gyp/14.4.0/include/node/v8.h:2863:41: note: 'Uint32Value' declared here
  V8_WARN_UNUSED_RESULT Maybe<uint32_t> Uint32Value(
                                        ^
../src/ursaNative.cc:867:39: error: too few arguments to function call, single argument 'context' was not specified
  int exponent = args[1]->Uint32Value();
                 ~~~~~~~~~~~~~~~~~~~~ ^
/Users/xufei/Library/Caches/node-gyp/14.4.0/include/node/v8.h:2863:41: note: 'Uint32Value' declared here
  V8_WARN_UNUSED_RESULT Maybe<uint32_t> Uint32Value(
                                        ^
../src/ursaNative.cc:1103:38: error: too few arguments to function call, single argument 'context' was not specified
  int padding = args[1]->Uint32Value();
                ~~~~~~~~~~~~~~~~~~~~ ^
/Users/xufei/Library/Caches/node-gyp/14.4.0/include/node/v8.h:2863:41: note: 'Uint32Value' declared here
  V8_WARN_UNUSED_RESULT Maybe<uint32_t> Uint32Value(
                                        ^
../src/ursaNative.cc:1161:38: error: too few arguments to function call, single argument 'context' was not specified
  int padding = args[1]->Uint32Value();
                ~~~~~~~~~~~~~~~~~~~~ ^
/Users/xufei/Library/Caches/node-gyp/14.4.0/include/node/v8.h:2863:41: note: 'Uint32Value' declared here
  V8_WARN_UNUSED_RESULT Maybe<uint32_t> Uint32Value(
                                        ^
../src/ursaNative.cc:1218:38: error: too few arguments to function call, single argument 'context' was not specified
  int padding = args[1]->Uint32Value();
                ~~~~~~~~~~~~~~~~~~~~ ^
/Users/xufei/Library/Caches/node-gyp/14.4.0/include/node/v8.h:2863:41: note: 'Uint32Value' declared here
  V8_WARN_UNUSED_RESULT Maybe<uint32_t> Uint32Value(
                                        ^
../src/ursaNative.cc:1272:38: error: too few arguments to function call, single argument 'context' was not specified
  int padding = args[1]->Uint32Value();
                ~~~~~~~~~~~~~~~~~~~~ ^
/Users/xufei/Library/Caches/node-gyp/14.4.0/include/node/v8.h:2863:41: note: 'Uint32Value' declared here
  V8_WARN_UNUSED_RESULT Maybe<uint32_t> Uint32Value(
                                        ^
../src/ursaNative.cc:1411:34: error: too few arguments to function call, single argument 'context' was not specified
  int nid = args[0]->Uint32Value();
            ~~~~~~~~~~~~~~~~~~~~ ^
/Users/xufei/Library/Caches/node-gyp/14.4.0/include/node/v8.h:2863:41: note: 'Uint32Value' declared here
  V8_WARN_UNUSED_RESULT Maybe<uint32_t> Uint32Value(
                                        ^
../src/ursaNative.cc:1477:34: error: too few arguments to function call, single argument 'context' was not specified
  int nid = args[0]->Uint32Value();
            ~~~~~~~~~~~~~~~~~~~~ ^
/Users/xufei/Library/Caches/node-gyp/14.4.0/include/node/v8.h:2863:41: note: 'Uint32Value' declared here
  V8_WARN_UNUSED_RESULT Maybe<uint32_t> Uint32Value(
                                        ^
../src/ursaNative.cc:1554:34: error: too few arguments to function call, single argument 'context' was not specified
  int nid = args[0]->Uint32Value();
            ~~~~~~~~~~~~~~~~~~~~ ^
/Users/xufei/Library/Caches/node-gyp/14.4.0/include/node/v8.h:2863:41: note: 'Uint32Value' declared here
  V8_WARN_UNUSED_RESULT Maybe<uint32_t> Uint32Value(
                                        ^
../src/ursaNative.cc:1584:35: error: too few arguments to function call, single argument 'context' was not specified
  int sLen = args[2]->Uint32Value();
             ~~~~~~~~~~~~~~~~~~~~ ^
/Users/xufei/Library/Caches/node-gyp/14.4.0/include/node/v8.h:2863:41: note: 'Uint32Value' declared here
  V8_WARN_UNUSED_RESULT Maybe<uint32_t> Uint32Value(
                                        ^
../src/ursaNative.cc:1627:34: error: too few arguments to function call, single argument 'context' was not specified
  int nid = args[0]->Uint32Value();
            ~~~~~~~~~~~~~~~~~~~~ ^
/Users/xufei/Library/Caches/node-gyp/14.4.0/include/node/v8.h:2863:41: note: 'Uint32Value' declared here
  V8_WARN_UNUSED_RESULT Maybe<uint32_t> Uint32Value(
                                        ^
../src/ursaNative.cc:1674:35: error: too few arguments to function call, single argument 'context' was not specified
  int sLen = args[3]->Uint32Value();
             ~~~~~~~~~~~~~~~~~~~~ ^
/Users/xufei/Library/Caches/node-gyp/14.4.0/include/node/v8.h:2863:41: note: 'Uint32Value' declared here
  V8_WARN_UNUSED_RESULT Maybe<uint32_t> Uint32Value(
                                        ^
1 warning and 17 errors generated.
make: *** [Release/obj.target/ursaNative/src/ursaNative.o] Error 1
gyp ERR! build error 
gyp ERR! stack Error: `make` failed with exit code: 2
gyp ERR! stack     at ChildProcess.onExit (/usr/local/lib/node_modules/npm/node_modules/node-gyp/lib/build.js:194:23)
gyp ERR! stack     at ChildProcess.emit (events.js:315:20)
gyp ERR! stack     at Process.ChildProcess._handle.onexit (internal/child_process.js:276:12)
gyp ERR! System Darwin 20.6.0
gyp ERR! command "/usr/local/bin/node" "/usr/local/lib/node_modules/npm/node_modules/node-gyp/bin/node-gyp.js" "rebuild"
gyp ERR! cwd /Users/xufei/Desktop/FlowModel/node_modules/ursa-optional
gyp ERR! node -v v14.4.0
gyp ERR! node-gyp -v v5.1.0
gyp ERR! not ok 
npm ERR! code ELIFECYCLE
npm ERR! errno 1
npm ERR! ursa-optional@0.9.10 rebuild: `node-gyp rebuild`
npm ERR! Exit status 1
npm ERR! 
npm ERR! Failed at the ursa-optional@0.9.10 rebuild script.
npm ERR! This is probably not a problem with npm. There is likely additional logging output above.
npm WARN Local package.json exists, but node_modules missing, did you mean to install?

npm ERR! A complete log of this run can be found in:
npm ERR!     /Users/xufei/.npm/_logs/2022-05-28T03_35_03_715Z-debug.log
